Drill report for /home/jeff/store/projects/2018/tr19-badge/repos/tr19-badge-hw/tr19-badge.kicad/tr19-badge.kicad_pcb
Created on Mon 25 Feb 2019 04:28:07 CET

Copper Layer Stackup:
    =============================================================
    L1 :  F.Cu                      front
    L2 :  In1.Cu                    in1
    L3 :  In2.Cu                    in2
    L4 :  B.Cu                      back


Drill file 'tr19-badge-PTH.drl' contains
    plated through holes:
    =============================================================
    T1  0.40mm  0.016"  (252 holes)
    T2  0.60mm  0.024"  (4 holes)  (with 4 slots)
    T3  0.80mm  0.031"  (36 holes)
    T4  1.00mm  0.039"  (9 holes)

    Total plated holes count 301


Drill file 'tr19-badge-NPTH.drl' contains
    unplated through holes:
    =============================================================
    T1  0.65mm  0.026"  (2 holes)
    T2  0.80mm  0.031"  (1 hole)
    T3  1.00mm  0.039"  (2 holes)
    T4  1.10mm  0.043"  (1 hole)
    T5  1.30mm  0.051"  (2 holes)

    Total unplated holes count 8
